<?xml version="1.0" ?>
<testsuites disabled="0" errors="1" failures="1" tests="280" time="0.0">
	<testsuite disabled="0" errors="1" failures="1" name="report-py" skipped="0" tests="280" time="0">
		<testcase name="content-cant-compare-with"/>
		<testcase name="csv-format-unsupported-access"/>
		<testcase name="depend-format-can-only-generate-dependencies-for-a-single-file"/>
		<testcase name="diff-transform-invalid-operation"/>
		<testcase name="diff-transform-multiple-matches"/>
		<testcase name="diff-transform-need-two-files-old-and-new-on-the-command-line-were-supplied"/>
		<testcase name="diff-transform-need-two-models-to-compute-diffs"/>
		<testcase name="difflint-transform-cant-add-to-existing-profile-defined-in"/>
		<testcase name="difflint-transform-cant-change-profile-requirement-from-defined-in-to"/>
		<testcase name="difflint-transform-invalid-version-added-in"/>
		<testcase name="difflint-transform-missing-version-added-in-inherited"/>
		<testcase name="difflint-transform-model-supplied-need-2"/>
		<testcase name="difflint-transform-need-two-files-old-and-new-on-the-command-line-were-supplied"/>
		<testcase name="difflint-transform-no-inherited-version"/>
		<testcase name="difflint-transform-removed-should-instead-mark-as-deprecated"/>
		<testcase name="difflint-transform-version-decreased-from-in-to-in"/>
		<testcase name="difftext-format-has-too-few-args"/>
		<testcase name="edit-transform-comment"/>
		<testcase name="edit-transform-import"/>
		<testcase name="edit-transform-model"/>
		<testcase name="enum-transform-contains-internal-whitespace"/>
		<testcase name="enum-transform-has-leading-or-trailing-whitespace"/>
		<testcase name="enum-transform-starts-with-a-lower-case-letter"/>
		<testcase name="enum-transform-starts-with-an-upper-case-letter"/>
		<testcase name="expat-parser"/>
		<testcase name="expat-parser-replace-tabs-with-spaces-in"/>
		<testcase name="layout-attempt-to-modify-frozen-layout"/>
		<testcase name="layout-duplicate"/>
		<testcase name="layout-self-referential-doc"/>
		<testcase name="layout-unexpected-keyword-arguments"/>
		<testcase name="lint-transform-alias-parameter-in-single-instance-object"/>
		<testcase name="lint-transform-alias-parameter-is-not-a-unique-key"/>
		<testcase name="lint-transform-contains-a-hyphen-or-underscore"/>
		<testcase name="lint-transform-cwmp-model-defines-commands-and-or-events"/>
		<testcase name="lint-transform-deprecated-mount-type"/>
		<testcase name="lint-transform-discriminatorparameter-doesnt-exist"/>
		<testcase name="lint-transform-doesnt-exist"/>
		<testcase name="lint-transform-doesnt-exist-and-will-be-ignored"/>
		<testcase name="lint-transform-doesnt-start-with-an-upper-case-letter"/>
		<testcase name="lint-transform-enableparameter-doesnt-exist"/>
		<testcase name="lint-transform-enumeration-ref-non-existent"/>
		<testcase name="lint-transform-fixed-size-table-is-writable"/>
		<testcase name="lint-transform-has-enumerated-values"/>
		<testcase name="lint-transform-has-invalid-vendor-prefix"/>
		<testcase name="lint-transform-has-macro-references"/>
		<testcase name="lint-transform-has-reduced-requirement-for"/>
		<testcase name="lint-transform-has-unnecessary-vendor-prefix"/>
		<testcase name="lint-transform-inappropriate-default-should-be-an-empty-string"/>
		<testcase name="lint-transform-invalid-default"/>
		<testcase name="lint-transform-invalid-default-2"/>
		<testcase name="lint-transform-invalid-version"/>
		<testcase name="lint-transform-is-a-union-object-but-has-no-discriminatorparameter"/>
		<testcase name="lint-transform-is-but-has-no-macro"/>
		<testcase name="lint-transform-is-but-should-be-because-of"/>
		<testcase name="lint-transform-is-new-added-in-so-it-shouldnt-be"/>
		<testcase name="lint-transform-is-so-is-invalid"/>
		<testcase name="lint-transform-isnt-a-union-object-but-has-discriminatorparameter"/>
		<testcase name="lint-transform-minimum-value-is-so-it-could-be-unsigned"/>
		<testcase name="lint-transform-minimum-value-is-so-it-could-be-unsigned-2"/>
		<testcase name="lint-transform-missing-description"/>
		<testcase name="lint-transform-missing-numentriesparameter"/>
		<testcase name="lint-transform-needs-to-reference"/>
		<testcase name="lint-transform-no-reason-for-deprecation-is-given"/>
		<testcase name="lint-transform-non-existent-numentriesparameter"/>
		<testcase name="lint-transform-numentriesparameter-has-a-default"/>
		<testcase name="lint-transform-numentriesparameter-is-writable"/>
		<testcase name="lint-transform-numentriesparameter-should-be-named"/>
		<testcase name="lint-transform-object-has-unique-keys-so-dmr-nouniquekeys-is-inappropriate"/>
		<testcase name="lint-transform-object-is-a-table-but-has-no-unique-keys"/>
		<testcase name="lint-transform-object-is-a-table-but-name-doesnt-end-with-i"/>
		<testcase name="lint-transform-object-is-not-a-table-but-has-a-unique-key"/>
		<testcase name="lint-transform-object-is-not-a-table-but-has-unique-keys"/>
		<testcase name="lint-transform-object-is-not-a-table-but-name-ends-with-i"/>
		<testcase name="lint-transform-object-is-not-multi-instance-but-has-numentriesparameter"/>
		<testcase name="lint-transform-object-is-not-writable-and-multi-instance-but-has-enableparameter"/>
		<testcase name="lint-transform-object-is-writable-but-is-not-a-table"/>
		<testcase name="lint-transform-parameter-defaults-can-only-be-used-in-commands-and-events"/>
		<testcase name="lint-transform-parameter-has-both-hidden-and-command-attributes-set"/>
		<testcase name="lint-transform-parameter-has-both-hidden-and-secured-attributes-set-secured-takes-precedence"/>
		<testcase name="lint-transform-parameter-within-read-only-object-has-an-object-default"/>
		<testcase name="lint-transform-parameter-within-static-object-has-an-object-default"/>
		<testcase name="lint-transform-path-ref-non-existent"/>
		<testcase name="lint-transform-profile-base-doesnt-exist"/>
		<testcase name="lint-transform-profile-extends-doesnt-exist"/>
		<testcase name="lint-transform-range-isnt-increasing"/>
		<testcase name="lint-transform-read-only-command-parameter"/>
		<testcase name="lint-transform-requirement-exceeds"/>
		<testcase name="lint-transform-status-is-but-should-be"/>
		<testcase name="lint-transform-undefined-attribute-perhaps-the-was-never-defined"/>
		<testcase name="lint-transform-uniquekey-parameter-doesnt-exist"/>
		<testcase name="lint-transform-units-but-no-units-macro"/>
		<testcase name="lint-transform-untyped-parameter"/>
		<testcase name="lint-transform-useless-empty-enumeration-value-for-list-valued-parameter"/>
		<testcase name="lint-transform-version-inherited"/>
		<testcase name="lint-transform-version-is-but-version-is"/>
		<testcase name="lint-transform-version-is-empty"/>
		<testcase name="lint-transform-version-isnt-a-simple-string"/>
		<testcase name="lint-transform-version-model-version"/>
		<testcase name="lint-transform-was-at-and-should-at"/>
		<testcase name="lint-transform-was-at-and-shouldnt-be-until"/>
		<testcase name="lint-transform-weak-reference-parameter-is-not-writable"/>
		<testcase name="lint-transform-writable-table-has-no-enable-parameter"/>
		<testcase name="macro-invalid-auto-macro"/>
		<testcase name="macro-invalid-macro-auto-value"/>
		<testcase name="macro-macro"/>
		<testcase name="macro-macro-name-has-leading-and-or-trailing-whitespace"/>
		<testcase name="macro-macro-was-redefined"/>
		<testcase name="macro-missing-argument">
			<error type="error" message="macro-missing-argument">WARNING:lint:Agent: {{gloref}}: missing id argument
WARNING:lint:Controller: {{gloref}}: missing id argument
WARNING:lint:Endpoint: {{gloref}}: missing id argument
WARNING:lint:Object: {{gloref}}: missing id argument
WARNING:lint:Service Element: {{gloref}}: missing id argument</error>
		</testcase>
		<testcase name="macro-recursive"/>
		<testcase name="macro-returned-no-result"/>
		<testcase name="macro-unexpected-argument-after"/>
		<testcase name="macro-unhandled-macro-arguments"/>
		<testcase name="macros-all-unique-key-parameters-are-defaulted-need-enableparameter"/>
		<testcase name="macros-argument-has-leading-and-or-trailing-whitespace"/>
		<testcase name="macros-argument-unnecessary-when-referring-to-current"/>
		<testcase name="macros-doesnt-define-any-values"/>
		<testcase name="macros-empty-param-arg-only-valid-in-parameter-descriptions"/>
		<testcase name="macros-empty-ref-only-valid-in-descriptions"/>
		<testcase name="macros-empty-units-string"/>
		<testcase name="macros-empty-value-but-non-empty-param"/>
		<testcase name="macros-factory-default-not-specified"/>
		<testcase name="macros-id-is-not-defined"/>
		<testcase name="macros-implementation-default-not-specified"/>
		<testcase name="macros-invalid-option"/>
		<testcase name="macros-invalid-style"/>
		<testcase name="macros-invalid-whitespace-macro-name-not"/>
		<testcase name="macros-is-not-a-parameter"/>
		<testcase name="macros-missing-units-facet"/>
		<testcase name="macros-no-unique-keys-are-defined"/>
		<testcase name="macros-non-existent"/>
		<testcase name="macros-non-existent-2"/>
		<testcase name="macros-non-existent-3"/>
		<testcase name="macros-non-existent-4"/>
		<testcase name="macros-non-existent-5"/>
		<testcase name="macros-non-existent-6"/>
		<testcase name="macros-non-existent-enumerationref-parameter"/>
		<testcase name="macros-non-existent-targetparam"/>
		<testcase name="macros-non-existent-targetparent"/>
		<testcase name="macros-not-associated-with-a-table"/>
		<testcase name="macros-only-supported-in-object-and-parameter-descriptions"/>
		<testcase name="macros-only-valid-as-div-argument"/>
		<testcase name="macros-only-valid-in-discriminated-objects"/>
		<testcase name="macros-only-valid-in-discriminator-parameters"/>
		<testcase name="macros-only-valid-in-not-in-descriptions"/>
		<testcase name="macros-only-valid-in-parameter-and-object-descriptions"/>
		<testcase name="macros-parameter-default-not-specified"/>
		<testcase name="macros-parameter-is-not-a-list"/>
		<testcase name="macros-parameter-is-not-a-reference"/>
		<testcase name="macros-parameter-is-not-of-a-named-data-type"/>
		<testcase name="macros-reference-to"/>
		<testcase name="macros-reference-to-2"/>
		<testcase name="macros-referenced-is-not"/>
		<testcase name="macros-should-be-in-its-own-paragraph-but-is-followed-by"/>
		<testcase name="macros-should-be-in-its-own-paragraph-but-is-preceded-by"/>
		<testcase name="macros-trailing-i-ignored-in-targetparent-targettype"/>
		<testcase name="macros-undefined-unique-key-parameter"/>
		<testcase name="macros-unsupported-reference-type"/>
		<testcase name="markdown-format-cant-generate-when-multiple-files-are-specified-on-the-command-line"/>
		<testcase name="markdown-format-only-valid-as-div-or-span-argument"/>
		<testcase name="markdown-format-unexpected-keyword-arguments"/>
		<testcase name="node-absolute-path-doesnt-start-with"/>
		<testcase name="node-cant-find-component"/>
		<testcase name="node-cant-find-file"/>
		<testcase name="node-cant-find-in"/>
		<testcase name="node-cant-import"/>
		<testcase name="node-data-type-isnt-derived-from-anything"/>
		<testcase name="node-facets-text"/>
		<testcase name="node-falling-back-on-instance-in-path"/>
		<testcase name="node-file-missing-attribute"/>
		<testcase name="node-has-already-saved-now-being-replaced"/>
		<testcase name="node-id-missing-attribute"/>
		<testcase name="node-id-missing-attribute-2"/>
		<testcase name="node-id-missing-attribute-3"/>
		<testcase name="node-import"/>
		<testcase name="node-invalid-configuration"/>
		<testcase name="node-invalid-configuration-2"/>
		<testcase name="node-invalid-direct-facet-only-valid-in-derived-types"/>
		<testcase name="node-invalid-facet-not-supported-by"/>
		<testcase name="node-invalid-facet-updates"/>
		<testcase name="node-invalid-or-not-supported"/>
		<testcase name="node-invalid-or-not-supported-2"/>
		<testcase name="node-invalid-profile-name"/>
		<testcase name="node-invalid-profile-name-2"/>
		<testcase name="node-invalid-value"/>
		<testcase name="node-is-derived-from-so-cant-derive-it-from"/>
		<testcase name="node-most-derived"/>
		<testcase name="node-name-missing-attribute"/>
		<testcase name="node-name-missing-attribute-2"/>
		<testcase name="node-name-missing-attribute-3"/>
		<testcase name="node-parent-hasnt-yet-been-defined"/>
		<testcase name="node-recursive-profile-dependency"/>
		<testcase name="node-ref-missing-attribute"/>
		<testcase name="node-ref-missing-attribute-2"/>
		<testcase name="node-set-previous-lexical-to"/>
		<testcase name="node-spec-is"/>
		<testcase name="node-spec-missing-attribute"/>
		<testcase name="node-targetparam-missing-attribute"/>
		<testcase name="node-unsupported-format-arguments"/>
		<testcase name="node-unsupported-is-valid-update-arguments"/>
		<testcase name="node-unsupported-is-valid-value-arguments"/>
		<testcase name="node-untyped-parameter"/>
		<testcase name="node-version-spec-version"/>
		<testcase name="parser-missing-mandatory-arguments-one-of-more-of"/>
		<testcase name="parser-parse-returned-invalid-data"/>
		<testcase name="parser-unimplemented-parse"/>
		<testcase name="path-missing-dot-in-relative-path-should-be"/>
		<testcase name="path-reference-to-non-existent"/>
		<testcase name="plugin-cant-scan"/>
		<testcase name="plugin-deprecated-old-style-file-name"/>
		<testcase name="plugin-duplicate-plugin-ignoring-already-registered"/>
		<testcase name="plugin-invalid-canonical-plugin-name-did-you-get-it-from-get-canonical-name"/>
		<testcase name="plugin-please-ask-plugin-authors-to-fix-these-invalid-options-option-names-need-to-begin-plugin"/>
		<testcase name="plugin-unexpected-keyword-arguments"/>
		<testcase name="plugin-unexpected-non-matching-file-name"/>
		<testcase name="plugin-unsupported-plugin-type-so-cant-look-up-its-plugin-class"/>
		<testcase name="property-alias-cant-be-the-same-as-name"/>
		<testcase name="property-already-defined"/>
		<testcase name="property-cant-merge-anonymous-property"/>
		<testcase name="property-cant-merge-to-unknown-node"/>
		<testcase name="property-cant-remove-anonymous-property"/>
		<testcase name="property-cant-remove-from-unknown-node"/>
		<testcase name="property-cant-specify-both-enum-cls-and-default"/>
		<testcase name="property-dont-know-how-to-merge-value"/>
		<testcase name="property-inconsistent-upper-lower-case-in-value"/>
		<testcase name="property-invalid-description-action"/>
		<testcase name="property-invalid-leading-trailing-whitespace-in-value"/>
		<testcase name="property-invalid-value"/>
		<testcase name="property-invalid-value-2"/>
		<testcase name="property-invalid-value-3"/>
		<testcase name="property-invalid-value-4"/>
		<testcase name="property-invalid-value-5"/>
		<testcase name="property-invalid-value-6"/>
		<testcase name="property-invalid-value-7"/>
		<testcase name="property-invalid-value-8"/>
		<testcase name="property-invalid-value-has-an-odd-number-of-components"/>
		<testcase name="property-kwargs-should-all-been-consumed-by-derived-class-constructors"/>
		<testcase name="property-node-append-is-not-supported-in-this-context"/>
		<testcase name="property-node-insert-is-not-supported-in-this-context"/>
		<testcase name="property-node-setitem-is-not-supported-in-this-context"/>
		<testcase name="property-property-holder-must-be-defined-on-creation"/>
		<testcase name="property-property-name-must-be-defined-on-creation"/>
		<testcase name="property-removed-should-instead-mark-as-deprecated"/>
		<testcase name="property-type-changed-from-to"/>
		<testcase name="property-unimplemented-merge"/>
		<testcase name="property-unimplemented-props"/>
		<testcase name="property-unimplemented-remove"/>
		<testcase name="property-unimplemented-value"/>
		<testcase name="property-value-must-be-a-tuple"/>
		<testcase name="pyxb-parser"/>
		<testcase name="pyxb-parser-cant-find-xmlns-cwmp-datamodel-n-m-file-isnt-a-dm-instance"/>
		<testcase name="relref-transform-cant-resolve"/>
		<testcase name="report-invalid-choice-choose-from"/>
		<testcase name="report-loglevel-value-is-deprecated-replace-with"/>
		<testcase name="report-loglevels-are-missing-from-loglevel-map"/>
		<testcase name="report-these-options-are-deprecated"/>
		<testcase name="report-transform-or-format-requested-early-exit"/>
		<testcase name="report-youre-using-python-you-must-use-at-least-python"/>
		<testcase name="split-transform-already-visited"/>
		<testcase name="status-transform"/>
		<testcase name="unknown-error">
			<failure type="failure" message="unknown-error">WARNING:lint:Alias-2-0: name contains a hyphen or underscore</failure>
		</testcase>
		<testcase name="used-transform-numentriesparameter-already-used-by"/>
		<testcase name="utility-excess-values-missing-from-levels"/>
		<testcase name="utility-invalid-default"/>
		<testcase name="utility-is-not-mnp"/>
		<testcase name="version-transform-mismatched-dmr-version-and-version-attributes-dmr-version-retained"/>
		<testcase name="version-transform-mismatched-dmr-version-and-version-attributes-dmr-version-retained-2"/>
		<testcase name="version-transform-version-less-than-parent-version"/>
		<testcase name="visitor-begin-returned-unexpected-type"/>
		<testcase name="visitor-defines-no-recognized-methods"/>
		<testcase name="visitor-doesnt-correspond-to-a-node-or-mixin-class"/>
		<testcase name="visitor-duplicates-and-will-be-ignored"/>
		<testcase name="visitor-is-deprecated-please-rename-as"/>
		<testcase name="visitor-is-deprecated-please-rename-as-visit"/>
		<testcase name="visitor-is-unknown-and-will-be-ignored"/>
		<testcase name="visitor-unexpected-parameter-kind"/>
		<testcase name="visitor-visit-xxx-returned-unexpected-type"/>
		<testcase name="xml-format-cant-generate-xml-when-multiple-files-are-specified-on-the-command-line"/>
		<testcase name="xmlschema-validate"/>
		<testcase name="xmlschema-validate-cant-validate-with"/>
		<testcase name="xmlschema-validate-not-found-in"/>
	</testsuite>
</testsuites>

